<?xml version="1.0" encoding="UTF-8"?>
<!-- Generated by org.testng.reporters.JUnitXMLReporter -->
<testsuite ignored="0" hostname="LTIN515427" failures="0" tests="3" name="EdgeTest" time="25.609" errors="0" timestamp="2024-05-03T09:37:08 IST">
  <testcase classname="testComponents.testCases" name="userVerification" time="0.0">
    <skipped/>
  </testcase> <!-- userVerification -->
  <testcase classname="testComponents.testCases" name="oneCognizantFunctions" time="0.0">
    <skipped/>
  </testcase> <!-- oneCognizantFunctions -->
  <testcase classname="testComponents.testCases" name="timeSheetNavigation" time="0.0">
    <skipped/>
  </testcase> <!-- timeSheetNavigation -->
</testsuite> <!-- EdgeTest -->
